Determining if the pthread_create exist failed with the following output:
Change Dir: /home/gabriel/ros/projects_ws/build/CMakeFiles/CMakeTmp

Run Build Command:/usr/bin/make "cmTryCompileExec787192789/fast"
/usr/bin/make -f CMakeFiles/cmTryCompileExec787192789.dir/build.make CMakeFiles/cmTryCompileExec787192789.dir/build
make[1]: Entering directory `/home/gabriel/ros/projects_ws/build/CMakeFiles/CMakeTmp'
/usr/bin/cmake -E cmake_progress_report /home/gabriel/ros/projects_ws/build/CMakeFiles/CMakeTmp/CMakeFiles 1
Building C object CMakeFiles/cmTryCompileExec787192789.dir/CheckSymbolExists.c.o
/usr/bin/cc    -o CMakeFiles/cmTryCompileExec787192789.dir/CheckSymbolExists.c.o   -c /home/gabriel/ros/projects_ws/build/CMakeFiles/CMakeTmp/CheckSymbolExists.c
Linking C executable cmTryCompileExec787192789
/usr/bin/cmake -E cmake_link_script CMakeFiles/cmTryCompileExec787192789.dir/link.txt --verbose=1
/usr/bin/cc       CMakeFiles/cmTryCompileExec787192789.dir/CheckSymbolExists.c.o  -o cmTryCompileExec787192789 -rdynamic 
CMakeFiles/cmTryCompileExec787192789.dir/CheckSymbolExists.c.o: In function `main':
CheckSymbolExists.c:(.text+0x16): undefined reference to `pthread_create'
collect2: error: ld returned 1 exit status
make[1]: *** [cmTryCompileExec787192789] Error 1
make[1]: Leaving directory `/home/gabriel/ros/projects_ws/build/CMakeFiles/CMakeTmp'
make: *** [cmTryCompileExec787192789/fast] Error 2

File /home/gabriel/ros/projects_ws/build/CMakeFiles/CMakeTmp/CheckSymbolExists.c:
/* */
#include <pthread.h>

int main(int argc, char** argv)
{
  (void)argv;
#ifndef pthread_create
  return ((int*)(&pthread_create))[argc];
#else
  (void)argc;
  return 0;
#endif
}

Determining if the function pthread_create exists in the pthreads failed with the following output:
Change Dir: /home/gabriel/ros/projects_ws/build/CMakeFiles/CMakeTmp

Run Build Command:/usr/bin/make "cmTryCompileExec155431178/fast"
/usr/bin/make -f CMakeFiles/cmTryCompileExec155431178.dir/build.make CMakeFiles/cmTryCompileExec155431178.dir/build
make[1]: Entering directory `/home/gabriel/ros/projects_ws/build/CMakeFiles/CMakeTmp'
/usr/bin/cmake -E cmake_progress_report /home/gabriel/ros/projects_ws/build/CMakeFiles/CMakeTmp/CMakeFiles 1
Building C object CMakeFiles/cmTryCompileExec155431178.dir/CheckFunctionExists.c.o
/usr/bin/cc   -DCHECK_FUNCTION_EXISTS=pthread_create   -o CMakeFiles/cmTryCompileExec155431178.dir/CheckFunctionExists.c.o   -c /usr/share/cmake-2.8/Modules/CheckFunctionExists.c
Linking C executable cmTryCompileExec155431178
/usr/bin/cmake -E cmake_link_script CMakeFiles/cmTryCompileExec155431178.dir/link.txt --verbose=1
/usr/bin/cc   -DCHECK_FUNCTION_EXISTS=pthread_create    CMakeFiles/cmTryCompileExec155431178.dir/CheckFunctionExists.c.o  -o cmTryCompileExec155431178 -rdynamic -lpthreads 
/usr/bin/ld: cannot find -lpthreads
collect2: error: ld returned 1 exit status
make[1]: *** [cmTryCompileExec155431178] Error 1
make[1]: Leaving directory `/home/gabriel/ros/projects_ws/build/CMakeFiles/CMakeTmp'
make: *** [cmTryCompileExec155431178/fast] Error 2


