Determining if the pthread_create exist failed with the following output:
Change Dir: /home/gabriel/ros/packages_ws/build/CMakeFiles/CMakeTmp

Run Build Command:/usr/bin/make "cmTryCompileExec1009588249/fast"
/usr/bin/make -f CMakeFiles/cmTryCompileExec1009588249.dir/build.make CMakeFiles/cmTryCompileExec1009588249.dir/build
make[1]: Entering directory `/home/gabriel/ros/packages_ws/build/CMakeFiles/CMakeTmp'
/usr/bin/cmake -E cmake_progress_report /home/gabriel/ros/packages_ws/build/CMakeFiles/CMakeTmp/CMakeFiles 1
Building C object CMakeFiles/cmTryCompileExec1009588249.dir/CheckSymbolExists.c.o
/usr/bin/cc    -o CMakeFiles/cmTryCompileExec1009588249.dir/CheckSymbolExists.c.o   -c /home/gabriel/ros/packages_ws/build/CMakeFiles/CMakeTmp/CheckSymbolExists.c
Linking C executable cmTryCompileExec1009588249
/usr/bin/cmake -E cmake_link_script CMakeFiles/cmTryCompileExec1009588249.dir/link.txt --verbose=1
/usr/bin/cc       CMakeFiles/cmTryCompileExec1009588249.dir/CheckSymbolExists.c.o  -o cmTryCompileExec1009588249 -rdynamic 
CMakeFiles/cmTryCompileExec1009588249.dir/CheckSymbolExists.c.o: In function `main':
CheckSymbolExists.c:(.text+0x16): undefined reference to `pthread_create'
collect2: error: ld returned 1 exit status
make[1]: *** [cmTryCompileExec1009588249] Error 1
make[1]: Leaving directory `/home/gabriel/ros/packages_ws/build/CMakeFiles/CMakeTmp'
make: *** [cmTryCompileExec1009588249/fast] Error 2

File /home/gabriel/ros/packages_ws/build/CMakeFiles/CMakeTmp/CheckSymbolExists.c:
/* */
#include <pthread.h>

int main(int argc, char** argv)
{
  (void)argv;
#ifndef pthread_create
  return ((int*)(&pthread_create))[argc];
#else
  (void)argc;
  return 0;
#endif
}

Determining if the function pthread_create exists in the pthreads failed with the following output:
Change Dir: /home/gabriel/ros/packages_ws/build/CMakeFiles/CMakeTmp

Run Build Command:/usr/bin/make "cmTryCompileExec2414480300/fast"
/usr/bin/make -f CMakeFiles/cmTryCompileExec2414480300.dir/build.make CMakeFiles/cmTryCompileExec2414480300.dir/build
make[1]: Entering directory `/home/gabriel/ros/packages_ws/build/CMakeFiles/CMakeTmp'
/usr/bin/cmake -E cmake_progress_report /home/gabriel/ros/packages_ws/build/CMakeFiles/CMakeTmp/CMakeFiles 1
Building C object CMakeFiles/cmTryCompileExec2414480300.dir/CheckFunctionExists.c.o
/usr/bin/cc   -DCHECK_FUNCTION_EXISTS=pthread_create   -o CMakeFiles/cmTryCompileExec2414480300.dir/CheckFunctionExists.c.o   -c /usr/share/cmake-2.8/Modules/CheckFunctionExists.c
Linking C executable cmTryCompileExec2414480300
/usr/bin/cmake -E cmake_link_script CMakeFiles/cmTryCompileExec2414480300.dir/link.txt --verbose=1
/usr/bin/cc   -DCHECK_FUNCTION_EXISTS=pthread_create    CMakeFiles/cmTryCompileExec2414480300.dir/CheckFunctionExists.c.o  -o cmTryCompileExec2414480300 -rdynamic -lpthreads 
/usr/bin/ld: cannot find -lpthreads
collect2: error: ld returned 1 exit status
make[1]: *** [cmTryCompileExec2414480300] Error 1
make[1]: Leaving directory `/home/gabriel/ros/packages_ws/build/CMakeFiles/CMakeTmp'
make: *** [cmTryCompileExec2414480300/fast] Error 2


